# JRE version: Java(TM) SE Runtime Environment (8.0_201-b09) (build 1.8.0_201-b09)
# Java VM: Java HotSpot(TM) 64-Bit Server VM (25.201-b09 mixed mode windows-amd64 compressed oops)
Heap:
 PSYoungGen      total 157184K, used 946K [0x000000076b180000, 0x000000077a280000, 0x00000007c0000000)
  eden space 142848K, 0% used [0x000000076b180000,0x000000076b26c8f8,0x0000000773d00000)
  from space 14336K, 0% used [0x0000000773d00000,0x0000000773d00000,0x0000000774b00000)
  to   space 15872K, 0% used [0x0000000779300000,0x0000000779300000,0x000000077a280000)
 ParOldGen       total 153600K, used 20897K [0x00000006c1400000, 0x00000006caa00000, 0x000000076b180000)
  object space 153600K, 13% used [0x00000006c1400000,0x00000006c28687d8,0x00000006caa00000)
 Metaspace       used 34823K, capacity 35390K, committed 35672K, reserved 1081344K
  class space    used 4404K, capacity 4535K, committed 4608K, reserved 1048576K
GC Heap History (10 events):
Event: 1.409 GC heap before
{Heap before GC invocations=5 (full 1):
 PSYoungGen      total 76288K, used 65536K [0x000000076b180000, 0x0000000774680000, 0x00000007c0000000)
  eden space 65536K, 100% used [0x000000076b180000,0x000000076f180000,0x000000076f180000)
  from space 10752K, 0% used [0x000000076f180000,0x000000076f180000,0x000000076fc00000)
  to   space 10752K, 0% used [0x0000000773c00000,0x0000000773c00000,0x0000000774680000)
 ParOldGen       total 108032K, used 9240K [0x00000006c1400000, 0x00000006c7d80000, 0x000000076b180000)
  object space 108032K, 8% used [0x00000006c1400000,0x00000006c1d06080,0x00000006c7d80000)
 Metaspace       used 24884K, capacity 25274K, committed 25600K, reserved 1071104K
  class space    used 3172K, capacity 3266K, committed 3328K, reserved 1048576K
Event: 1.413 GC heap after
Heap after GC invocations=5 (full 1):
 PSYoungGen      total 107520K, used 9582K [0x000000076b180000, 0x0000000774580000, 0x00000007c0000000)
  eden space 97792K, 0% used [0x000000076b180000,0x000000076b180000,0x0000000771100000)
  from space 9728K, 98% used [0x0000000773c00000,0x000000077455b9c8,0x0000000774580000)
  to   space 10752K, 0% used [0x0000000773080000,0x0000000773080000,0x0000000773b00000)
 ParOldGen       total 108032K, used 9248K [0x00000006c1400000, 0x00000006c7d80000, 0x000000076b180000)
  object space 108032K, 8% used [0x00000006c1400000,0x00000006c1d08080,0x00000006c7d80000)
 Metaspace       used 24884K, capacity 25274K, committed 25600K, reserved 1071104K
  class space    used 3172K, capacity 3266K, committed 3328K, reserved 1048576K
}
Event: 1.749 GC heap before
{Heap before GC invocations=6 (full 1):
 PSYoungGen      total 107520K, used 107374K [0x000000076b180000, 0x0000000774580000, 0x00000007c0000000)
  eden space 97792K, 100% used [0x000000076b180000,0x0000000771100000,0x0000000771100000)
  from space 9728K, 98% used [0x0000000773c00000,0x000000077455b9c8,0x0000000774580000)
  to   space 10752K, 0% used [0x0000000773080000,0x0000000773080000,0x0000000773b00000)
 ParOldGen       total 108032K, used 9248K [0x00000006c1400000, 0x00000006c7d80000, 0x000000076b180000)
  object space 108032K, 8% used [0x00000006c1400000,0x00000006c1d08080,0x00000006c7d80000)
 Metaspace       used 28668K, capacity 29086K, committed 29440K, reserved 1075200K
  class space    used 3718K, capacity 3832K, committed 3840K, reserved 1048576K
Event: 1.754 GC heap after
Heap after GC invocations=6 (full 1):
 PSYoungGen      total 140800K, used 10720K [0x000000076b180000, 0x0000000775780000, 0x00000007c0000000)
  eden space 130048K, 0% used [0x000000076b180000,0x000000076b180000,0x0000000773080000)
  from space 10752K, 99% used [0x0000000773080000,0x0000000773af82f8,0x0000000773b00000)
  to   space 12800K, 0% used [0x0000000774b00000,0x0000000774b00000,0x0000000775780000)
 ParOldGen       total 108032K, used 11316K [0x00000006c1400000, 0x00000006c7d80000, 0x000000076b180000)
  object space 108032K, 10% used [0x00000006c1400000,0x00000006c1f0d3a0,0x00000006c7d80000)
 Metaspace       used 28668K, capacity 29086K, committed 29440K, reserved 1075200K
  class space    used 3718K, capacity 3832K, committed 3840K, reserved 1048576K
}
Event: 220.199 GC heap before
{Heap before GC invocations=7 (full 1):
 PSYoungGen      total 140800K, used 140768K [0x000000076b180000, 0x0000000775780000, 0x00000007c0000000)
  eden space 130048K, 100% used [0x000000076b180000,0x0000000773080000,0x0000000773080000)
  from space 10752K, 99% used [0x0000000773080000,0x0000000773af82f8,0x0000000773b00000)
  to   space 12800K, 0% used [0x0000000774b00000,0x0000000774b00000,0x0000000775780000)
 ParOldGen       total 108032K, used 11316K [0x00000006c1400000, 0x00000006c7d80000, 0x000000076b180000)
  object space 108032K, 10% used [0x00000006c1400000,0x00000006c1f0d3a0,0x00000006c7d80000)
 Metaspace       used 31770K, capacity 32382K, committed 32512K, reserved 1077248K
  class space    used 4151K, capacity 4279K, committed 4352K, reserved 1048576K
Event: 220.205 GC heap after
Heap after GC invocations=7 (full 1):
 PSYoungGen      total 155648K, used 12789K [0x000000076b180000, 0x0000000778000000, 0x00000007c0000000)
  eden space 142848K, 0% used [0x000000076b180000,0x000000076b180000,0x0000000773d00000)
  from space 12800K, 99% used [0x0000000774b00000,0x000000077577d5f8,0x0000000775780000)
  to   space 14336K, 0% used [0x0000000773d00000,0x0000000773d00000,0x0000000774b00000)
 ParOldGen       total 108032K, used 12241K [0x00000006c1400000, 0x00000006c7d80000, 0x000000076b180000)
  object space 108032K, 11% used [0x00000006c1400000,0x00000006c1ff4598,0x00000006c7d80000)
 Metaspace       used 31770K, capacity 32382K, committed 32512K, reserved 1077248K
  class space    used 4151K, capacity 4279K, committed 4352K, reserved 1048576K
}
Event: 220.329 GC heap before
{Heap before GC invocations=8 (full 1):
 PSYoungGen      total 155648K, used 36221K [0x000000076b180000, 0x0000000778000000, 0x00000007c0000000)
  eden space 142848K, 16% used [0x000000076b180000,0x000000076c861ef0,0x0000000773d00000)
  from space 12800K, 99% used [0x0000000774b00000,0x000000077577d5f8,0x0000000775780000)
  to   space 14336K, 0% used [0x0000000773d00000,0x0000000773d00000,0x0000000774b00000)
 ParOldGen       total 108032K, used 12241K [0x00000006c1400000, 0x00000006c7d80000, 0x000000076b180000)
  object space 108032K, 11% used [0x00000006c1400000,0x00000006c1ff4598,0x00000006c7d80000)
 Metaspace       used 34722K, capacity 35262K, committed 35416K, reserved 1081344K
  class space    used 4399K, capacity 4535K, committed 4608K, reserved 1048576K
Event: 220.334 GC heap after
Heap after GC invocations=8 (full 1):
 PSYoungGen      total 157184K, used 14305K [0x000000076b180000, 0x000000077a280000, 0x00000007c0000000)
  eden space 142848K, 0% used [0x000000076b180000,0x000000076b180000,0x0000000773d00000)
  from space 14336K, 99% used [0x0000000773d00000,0x0000000774af8618,0x0000000774b00000)
  to   space 15872K, 0% used [0x0000000779300000,0x0000000779300000,0x000000077a280000)
 ParOldGen       total 108032K, used 13155K [0x00000006c1400000, 0x00000006c7d80000, 0x000000076b180000)
  object space 108032K, 12% used [0x00000006c1400000,0x00000006c20d8cb8,0x00000006c7d80000)
 Metaspace       used 34722K, capacity 35262K, committed 35416K, reserved 1081344K
  class space    used 4399K, capacity 4535K, committed 4608K, reserved 1048576K
}
Event: 220.334 GC heap before
{Heap before GC invocations=9 (full 2):
 PSYoungGen      total 157184K, used 14305K [0x000000076b180000, 0x000000077a280000, 0x00000007c0000000)
  eden space 142848K, 0% used [0x000000076b180000,0x000000076b180000,0x0000000773d00000)
  from space 14336K, 99% used [0x0000000773d00000,0x0000000774af8618,0x0000000774b00000)
  to   space 15872K, 0% used [0x0000000779300000,0x0000000779300000,0x000000077a280000)
 ParOldGen       total 108032K, used 13155K [0x00000006c1400000, 0x00000006c7d80000, 0x000000076b180000)
  object space 108032K, 12% used [0x00000006c1400000,0x00000006c20d8cb8,0x00000006c7d80000)
 Metaspace       used 34722K, capacity 35262K, committed 35416K, reserved 1081344K
  class space    used 4399K, capacity 4535K, committed 4608K, reserved 1048576K
Event: 220.368 GC heap after
Heap after GC invocations=9 (full 2):
 PSYoungGen      total 157184K, used 0K [0x000000076b180000, 0x000000077a280000, 0x00000007c0000000)
  eden space 142848K, 0% used [0x000000076b180000,0x000000076b180000,0x0000000773d00000)
  from space 14336K, 0% used [0x0000000773d00000,0x0000000773d00000,0x0000000774b00000)
  to   space 15872K, 0% used [0x0000000779300000,0x0000000779300000,0x000000077a280000)
 ParOldGen       total 153600K, used 20897K [0x00000006c1400000, 0x00000006caa00000, 0x000000076b180000)
  object space 153600K, 13% used [0x00000006c1400000,0x00000006c28687d8,0x00000006caa00000)
 Metaspace       used 34722K, capacity 35262K, committed 35416K, reserved 1081344K
  class space    used 4399K, capacity 4535K, committed 4608K, reserved 1048576K
}

